Performing system checks...

System check identified no issues (0 silenced).
September 18, 2024 - 19:42:58
Django version 5.1, using settings 'face_to_face_server0.settings'
Starting development server at http://0.0.0.0:8585/
Quit the server with CONTROL-C.

________________________ACCEPTED 1086________________________


________________________ACCEPTED 1087________________________


________________________ACCEPTED 1088________________________


________________________ACCEPTED 1089________________________


________________________ACCEPTED 1093________________________


________________________ACCEPTED 1094________________________


________________________ACCEPTED 1095________________________


________________________ACCEPTED 1090________________________


________________________ACCEPTED 1091________________________


-----ВХОД ВЫПОЛНЕН---------
________________________COMPLETED 1086________________________


________________________ACCEPTED 1092________________________


-----ВХОД ВЫПОЛНЕН---------
-----------------В создании стикер пака-----------------
ПРОВЕРКА НА КОЛ-ВО ФОТО 9 done_photos 0
Успешно создали фото
Все поля для фото уже заполнены
-----ВХОД ВЫПОЛНЕН---------
-----------------В создании стикер пака-----------------
ПРОВЕРКА НА КОЛ-ВО ФОТО 9 done_photos 1
Успешно создали фото
Все поля для фото уже заполнены
-----ВХОД ВЫПОЛНЕН---------
-----------------В создании стикер пака-----------------
ПРОВЕРКА НА КОЛ-ВО ФОТО 9 done_photos 2
Успешно создали фото
Все поля для фото уже заполнены
-----ВХОД ВЫПОЛНЕН---------
-----------------В создании стикер пака-----------------
ПРОВЕРКА НА КОЛ-ВО ФОТО 9 done_photos 3
Успешно создали фото
Все поля для фото уже заполнены
-----ВХОД ВЫПОЛНЕН---------
-----------------В создании стикер пака-----------------
ПРОВЕРКА НА КОЛ-ВО ФОТО 9 done_photos 4
Успешно создали фото
Все поля для фото уже заполнены
-----ВХОД ВЫПОЛНЕН---------
-----------------В создании стикер пака-----------------
ПРОВЕРКА НА КОЛ-ВО ФОТО 9 done_photos 5
Успешно создали фото
Все поля для фото уже заполнены
-----ВХОД ВЫПОЛНЕН---------
-----------------В создании стикер пака-----------------
ПРОВЕРКА НА КОЛ-ВО ФОТО 9 done_photos 6
Успешно создали фото
Все поля для фото уже заполнены
-----ВХОД ВЫПОЛНЕН---------
-----------------В создании стикер пака-----------------
ПРОВЕРКА НА КОЛ-ВО ФОТО 9 done_photos 7
Успешно создали фото
Все поля для фото уже заполнены
-----ВХОД ВЫПОЛНЕН---------
-----------------В создании стикер пака-----------------
ПРОВЕРКА НА КОЛ-ВО ФОТО 9 done_photos 8
Успешно создали фото
--------------- TRUE
________________________ACCEPTED 1096________________________


-----ВХОД ВЫПОЛНЕН---------
________________________COMPLETED 1096________________________


________________________ACCEPTED 1097________________________


-----ВХОД ВЫПОЛНЕН---------
________________________COMPLETED 1097________________________


________________________ACCEPTED 1098________________________


-----ВХОД ВЫПОЛНЕН---------
________________________COMPLETED 1098________________________


________________________ACCEPTED 1099________________________


-----ВХОД ВЫПОЛНЕН---------
________________________COMPLETED 1099________________________


________________________ACCEPTED 1100________________________


-----ВХОД ВЫПОЛНЕН---------
________________________COMPLETED 1100________________________


________________________ACCEPTED 1101________________________


-----ВХОД ВЫПОЛНЕН---------
________________________COMPLETED 1101________________________


________________________ACCEPTED 1102________________________


-----ВХОД ВЫПОЛНЕН---------
________________________COMPLETED 1102________________________


________________________ACCEPTED 1103________________________


________________________ACCEPTED 1104________________________


________________________ACCEPTED 1105________________________


-----ВХОД ВЫПОЛНЕН---------
-----ВХОД ВЫПОЛНЕН---------
-----ВХОД ВЫПОЛНЕН---------
________________________COMPLETED 1105________________________


________________________COMPLETED 1103________________________


________________________COMPLETED 1104________________________


-----ВХОД ВЫПОЛНЕН---------
________________________COMPLETED 1105________________________


________________________ACCEPTED 1107________________________


________________________ACCEPTED 1106________________________


________________________ACCEPTED 1108________________________


-----ВХОД ВЫПОЛНЕН---------
-----ВХОД ВЫПОЛНЕН---------
-----ВХОД ВЫПОЛНЕН---------
________________________COMPLETED 1108________________________


________________________COMPLETED 1107________________________


________________________COMPLETED 1106________________________


________________________ACCEPTED 1109________________________


________________________ACCEPTED 1110________________________


________________________ACCEPTED 1111________________________


-----ВХОД ВЫПОЛНЕН---------
-----ВХОД ВЫПОЛНЕН---------
-----ВХОД ВЫПОЛНЕН---------
________________________COMPLETED 1109________________________


________________________COMPLETED 1110________________________


________________________COMPLETED 1111________________________


________________________ACCEPTED 1112________________________


-----ВХОД ВЫПОЛНЕН---------
________________________COMPLETED 1112________________________


________________________ACCEPTED 1113________________________


-----ВХОД ВЫПОЛНЕН---------
________________________COMPLETED 1113________________________


________________________ACCEPTED 1114________________________


-----ВХОД ВЫПОЛНЕН---------
________________________COMPLETED 1114________________________


________________________ACCEPTED 1115________________________


-----ВХОД ВЫПОЛНЕН---------
________________________COMPLETED 1115________________________


________________________ACCEPTED 1116________________________


________________________ACCEPTED 1117________________________


-----ВХОД ВЫПОЛНЕН---------
-----ВХОД ВЫПОЛНЕН---------
________________________COMPLETED 1117________________________


________________________COMPLETED 1116________________________


________________________ACCEPTED 1118________________________


________________________ACCEPTED 1119________________________


-----ВХОД ВЫПОЛНЕН---------
-----ВХОД ВЫПОЛНЕН---------
________________________COMPLETED 1118________________________


________________________COMPLETED 1119________________________


________________________ACCEPTED 1127________________________


-----ВХОД ВЫПОЛНЕН---------
________________________COMPLETED 1127________________________


________________________ACCEPTED 1128________________________


-----ВХОД ВЫПОЛНЕН---------
________________________COMPLETED 1128________________________


________________________ACCEPTED 1129________________________


-----ВХОД ВЫПОЛНЕН---------
________________________COMPLETED 1129________________________


________________________ACCEPTED 1130________________________


-----ВХОД ВЫПОЛНЕН---------
Performing system checks...

System check identified no issues (0 silenced).
September 29, 2024 - 15:07:43
Django version 5.1, using settings 'face_to_face_server0.settings'
Starting development server at http://0.0.0.0:8585/
Quit the server with CONTROL-C.

________________________ACCEPTED 1150________________________


-----ВХОД ВЫПОЛНЕН---------
________________________COMPLETED 1150________________________


________________________ACCEPTED 1151________________________


-----ВХОД ВЫПОЛНЕН---------
________________________COMPLETED 1151________________________


________________________ACCEPTED 1152________________________


-----ВХОД ВЫПОЛНЕН---------
________________________COMPLETED 1152________________________


________________________ACCEPTED 1153________________________


-----ВХОД ВЫПОЛНЕН---------
________________________COMPLETED 1153________________________


________________________ACCEPTED 1154________________________


________________________ACCEPTED 1155________________________


________________________ACCEPTED 1156________________________


________________________ACCEPTED 1157________________________


________________________ACCEPTED 1158________________________


________________________ACCEPTED 1159________________________


________________________ACCEPTED 1160________________________


________________________ACCEPTED 1161________________________


-----ВХОД ВЫПОЛНЕН---------
-----------------В создании стикер пака-----------------
ПРОВЕРКА НА КОЛ-ВО ФОТО 9 done_photos 0
Успешно создали фото
Все поля для фото уже заполнены
________________________ACCEPTED 1162________________________


-----ВХОД ВЫПОЛНЕН---------
-----------------В создании стикер пака-----------------
ПРОВЕРКА НА КОЛ-ВО ФОТО 9 done_photos 1
Успешно создали фото
Все поля для фото уже заполнены
-----ВХОД ВЫПОЛНЕН---------
-----------------В создании стикер пака-----------------
ПРОВЕРКА НА КОЛ-ВО ФОТО 9 done_photos 2
Успешно создали фото
Все поля для фото уже заполнены
-----ВХОД ВЫПОЛНЕН---------
-----------------В создании стикер пака-----------------
ПРОВЕРКА НА КОЛ-ВО ФОТО 9 done_photos 3
Успешно создали фото
Все поля для фото уже заполнены
-----ВХОД ВЫПОЛНЕН---------
-----------------В создании стикер пака-----------------
ПРОВЕРКА НА КОЛ-ВО ФОТО 9 done_photos 4
Успешно создали фото
Все поля для фото уже заполнены
-----ВХОД ВЫПОЛНЕН---------
-----------------В создании стикер пака-----------------
ПРОВЕРКА НА КОЛ-ВО ФОТО 9 done_photos 5
Успешно создали фото
Все поля для фото уже заполнены
-----ВХОД ВЫПОЛНЕН---------
-----------------В создании стикер пака-----------------
ПРОВЕРКА НА КОЛ-ВО ФОТО 9 done_photos 6
Успешно создали фото
Все поля для фото уже заполнены
-----ВХОД ВЫПОЛНЕН---------
-----------------В создании стикер пака-----------------
ПРОВЕРКА НА КОЛ-ВО ФОТО 9 done_photos 7
Успешно создали фото
Все поля для фото уже заполнены
-----ВХОД ВЫПОЛНЕН---------
-----------------В создании стикер пака-----------------
ПРОВЕРКА НА КОЛ-ВО ФОТО 9 done_photos 8
Успешно создали фото
--------------- TRUE
________________________ACCEPTED 1163________________________


-----ВХОД ВЫПОЛНЕН---------
________________________COMPLETED 1163________________________


________________________ACCEPTED 1164________________________


-----ВХОД ВЫПОЛНЕН---------
________________________COMPLETED 1164________________________


________________________ACCEPTED 1165________________________


-----ВХОД ВЫПОЛНЕН---------
________________________COMPLETED 1165________________________


________________________ACCEPTED 1166________________________


-----ВХОД ВЫПОЛНЕН---------
________________________COMPLETED 1166________________________


________________________ACCEPTED 1167________________________


-----ВХОД ВЫПОЛНЕН---------
________________________COMPLETED 1167________________________


________________________ACCEPTED 1168________________________


-----ВХОД ВЫПОЛНЕН---------
________________________COMPLETED 1168________________________


________________________ACCEPTED 1169________________________


-----ВХОД ВЫПОЛНЕН---------
________________________COMPLETED 1169________________________


________________________ACCEPTED 1170________________________


-----ВХОД ВЫПОЛНЕН---------
________________________COMPLETED 1170________________________


________________________ACCEPTED 1171________________________


-----ВХОД ВЫПОЛНЕН---------
________________________COMPLETED 1171________________________


________________________ACCEPTED 1172________________________


-----ВХОД ВЫПОЛНЕН---------
________________________COMPLETED 1172________________________


________________________ACCEPTED 1173________________________


-----ВХОД ВЫПОЛНЕН---------
________________________COMPLETED 1173________________________


________________________ACCEPTED 1174________________________


-----ВХОД ВЫПОЛНЕН---------
________________________COMPLETED 1174________________________


________________________ACCEPTED 1175________________________


-----ВХОД ВЫПОЛНЕН---------
________________________COMPLETED 1175________________________


________________________ACCEPTED 1176________________________


-----ВХОД ВЫПОЛНЕН---------
________________________COMPLETED 1176________________________


________________________ACCEPTED 1177________________________


-----ВХОД ВЫПОЛНЕН---------
________________________COMPLETED 1177________________________


________________________ACCEPTED 1178________________________


-----ВХОД ВЫПОЛНЕН---------
________________________COMPLETED 1178________________________


________________________ACCEPTED 1179________________________


-----ВХОД ВЫПОЛНЕН---------
________________________COMPLETED 1179________________________


________________________ACCEPTED 1180________________________


-----ВХОД ВЫПОЛНЕН---------
________________________COMPLETED 1180________________________


________________________ACCEPTED 1181________________________


-----ВХОД ВЫПОЛНЕН---------
________________________COMPLETED 1181________________________


________________________ACCEPTED 1182________________________


-----ВХОД ВЫПОЛНЕН---------
________________________COMPLETED 1182________________________


________________________ACCEPTED 1183________________________


-----ВХОД ВЫПОЛНЕН---------
________________________COMPLETED 1183________________________


________________________ACCEPTED 1184________________________


-----ВХОД ВЫПОЛНЕН---------
________________________COMPLETED 1184________________________


________________________ACCEPTED 1185________________________


-----ВХОД ВЫПОЛНЕН---------
________________________COMPLETED 1185________________________


________________________ACCEPTED 1186________________________


________________________ACCEPTED 1187________________________


-----ВХОД ВЫПОЛНЕН---------
-----ВХОД ВЫПОЛНЕН---------
________________________COMPLETED 1186________________________


________________________COMPLETED 1187________________________


________________________ACCEPTED 1188________________________


-----ВХОД ВЫПОЛНЕН---------
________________________COMPLETED 1188________________________


________________________ACCEPTED 1189________________________


-----ВХОД ВЫПОЛНЕН---------
________________________COMPLETED 1189________________________


________________________ACCEPTED 1190________________________


-----ВХОД ВЫПОЛНЕН---------
________________________COMPLETED 1190________________________


________________________ACCEPTED 1191________________________


-----ВХОД ВЫПОЛНЕН---------
________________________COMPLETED 1191________________________


________________________ACCEPTED 1192________________________


-----ВХОД ВЫПОЛНЕН---------
________________________COMPLETED 1192________________________


________________________ACCEPTED 1193________________________


-----ВХОД ВЫПОЛНЕН---------
________________________COMPLETED 1193________________________


________________________ACCEPTED 1194________________________


-----ВХОД ВЫПОЛНЕН---------
________________________COMPLETED 1194________________________


________________________ACCEPTED 1195________________________


-----ВХОД ВЫПОЛНЕН---------
________________________COMPLETED 1195________________________


________________________ACCEPTED 1196________________________


-----ВХОД ВЫПОЛНЕН---------
________________________COMPLETED 1196________________________


________________________ACCEPTED 1197________________________


-----ВХОД ВЫПОЛНЕН---------
________________________ACCEPTED 1198________________________


________________________COMPLETED 1197________________________


-----ВХОД ВЫПОЛНЕН---------
________________________COMPLETED 1198________________________


________________________ACCEPTED 1199________________________


-----ВХОД ВЫПОЛНЕН---------
________________________COMPLETED 1199________________________


________________________ACCEPTED 1200________________________


-----ВХОД ВЫПОЛНЕН---------
________________________COMPLETED 1200________________________


________________________ACCEPTED 1201________________________


-----ВХОД ВЫПОЛНЕН---------
________________________COMPLETED 1201________________________


________________________ACCEPTED 1202________________________


-----ВХОД ВЫПОЛНЕН---------
________________________COMPLETED 1202________________________


________________________ACCEPTED 1203________________________


-----ВХОД ВЫПОЛНЕН---------
________________________COMPLETED 1203________________________


________________________ACCEPTED 1204________________________


-----ВХОД ВЫПОЛНЕН---------
________________________COMPLETED 1204________________________


________________________ACCEPTED 1205________________________


-----ВХОД ВЫПОЛНЕН---------
________________________COMPLETED 1205________________________


________________________ACCEPTED 1206________________________


-----ВХОД ВЫПОЛНЕН---------
________________________COMPLETED 1206________________________


________________________ACCEPTED 1207________________________


-----ВХОД ВЫПОЛНЕН---------
________________________COMPLETED 1207________________________


________________________ACCEPTED 1208________________________


-----ВХОД ВЫПОЛНЕН---------
________________________COMPLETED 1208________________________


________________________ACCEPTED 1209________________________


-----ВХОД ВЫПОЛНЕН---------
________________________COMPLETED 1209________________________


